<?xml version="1.0" encoding="UTF-8"?>
<testsuite name="CS5103.WordCounterTest" tests="1" skipped="0" failures="0" errors="0" timestamp="2022-03-17T06:13:17" hostname="Abhisheks-Air.localdomain" time="0.011">
  <properties/>
  <testcase name="testBasic" classname="CS5103.WordCounterTest" time="0.011"/>
  <system-out><![CDATA[]]></system-out>
  <system-err><![CDATA[]]></system-err>
</testsuite>
