<?xml version="1.0" encoding="UTF-8"?>
<testsuite name="CS5103.AppTest" tests="1" skipped="0" failures="0" errors="0" timestamp="2022-03-17T05:10:25" hostname="Abhisheks-Air.localdomain" time="0.005">
  <properties/>
  <testcase name="appHasAGreeting" classname="CS5103.AppTest" time="0.005"/>
  <system-out><![CDATA[]]></system-out>
  <system-err><![CDATA[]]></system-err>
</testsuite>
